Orden: <1> - <001> Mensaje: <Coleccion de Ports>
portsnap auto &&
cd /usr/ports &&
make index && cd -
Orden: <2> - <002> Mensaje: <Servidor X>
pkg install -y xorg && 
sysrc hald_enable="YES" && 	
sysrc dbus_enable="YES" 
Orden: <3> - <003> Mensaje: <>
Orden: <4> - <004> Mensaje: <>
Orden: <5> - <005> Mensaje: <>
Orden: <6> - <006> Mensaje: <>
Orden: <7> - <007> Mensaje: <>
Orden: <8> - <008> Mensaje: <>
Orden: <9> - <009> Mensaje: <>
Orden: <10> - <010> Mensaje: <Manejo de usuarios (SUDO)>
cd /usr/ports/security/sudo &&
make install clean &&
cd - 
Orden: <11> - <011> Mensaje: <Permitir superusuario en grupo WHEEL>
echo "%wheel ALL=(ALL) ALL" >> /usr/local/etc/sudoers
Orden: <12> - <012> Mensaje: <Agregar usuario VONUSER>
pw useradd -n vonuser -G wheel,operator,video -k /root/freepostinstall/skeleton -m -s /usr/local/bin/bash && 
dialog --stdout --msgbox  "Recuerde configurar manualmentes el password para el usuario \n`id vonuser`" 10 60
Orden: <13> - <013> Mensaje: <>
Orden: <14> - <014> Mensaje: <>
Orden: <15> - <015> Mensaje: <Cambiar a Shell BASH>
chsh -s /usr/local/bin/bash
Orden: <16> - <016> Mensaje: <>
Orden: <17> - <017> Mensaje: <>
Orden: <18> - <018> Mensaje: <>
Orden: <19> - <019> Mensaje: <>
Orden: <20> - <020> Mensaje: <>
Orden: <21> - <021> Mensaje: <>
Orden: <22> - <022> Mensaje: <>
Orden: <23> - <023> Mensaje: <>
Orden: <24> - <024> Mensaje: <>
Orden: <25> - <025> Mensaje: <>
Orden: <26> - <026> Mensaje: <>
Orden: <27> - <027> Mensaje: <>
Orden: <28> - <028> Mensaje: <>
Orden: <29> - <029> Mensaje: <>
Orden: <30> - <030> Mensaje: <>
Orden: <31> - <031> Mensaje: <>
Orden: <32> - <032> Mensaje: <>
Orden: <33> - <033> Mensaje: <>
Orden: <34> - <034> Mensaje: <>
Orden: <35> - <035> Mensaje: <>
Orden: <36> - <036> Mensaje: <>
Orden: <37> - <037> Mensaje: <>
Orden: <38> - <038> Mensaje: <>
Orden: <39> - <039> Mensaje: <>
Orden: <40> - <040> Mensaje: <>
Orden: <41> - <041> Mensaje: <>
Orden: <42> - <042> Mensaje: <>
Orden: <43> - <043> Mensaje: <>
Orden: <44> - <044> Mensaje: <>
Orden: <45> - <045> Mensaje: <>
Orden: <46> - <046> Mensaje: <>
Orden: <47> - <047> Mensaje: <>
Orden: <48> - <048> Mensaje: <>
Orden: <49> - <049> Mensaje: <>
Orden: <50> - <050> Mensaje: <>
Orden: <51> - <051> Mensaje: <>
Orden: <52> - <052> Mensaje: <>
Orden: <53> - <053> Mensaje: <>
Orden: <54> - <054> Mensaje: <>
Orden: <55> - <055> Mensaje: <>
Orden: <56> - <056> Mensaje: <>
Orden: <57> - <057> Mensaje: <>
Orden: <58> - <058> Mensaje: <>
Orden: <59> - <059> Mensaje: <>
Orden: <60> - <060> Mensaje: <>
Orden: <61> - <061> Mensaje: <>
Orden: <62> - <062> Mensaje: <>
Orden: <63> - <063> Mensaje: <>
Orden: <64> - <064> Mensaje: <>
Orden: <65> - <065> Mensaje: <>
Orden: <66> - <066> Mensaje: <>
Orden: <67> - <067> Mensaje: <>
Orden: <68> - <068> Mensaje: <>
Orden: <69> - <069> Mensaje: <>
Orden: <70> - <070> Mensaje: <>
Orden: <71> - <071> Mensaje: <>
Orden: <72> - <072> Mensaje: <>
Orden: <73> - <073> Mensaje: <>
Orden: <74> - <074> Mensaje: <>
Orden: <75> - <075> Mensaje: <>
Orden: <76> - <076> Mensaje: <>
Orden: <77> - <077> Mensaje: <>
Orden: <78> - <078> Mensaje: <>
Orden: <79> - <079> Mensaje: <>
Orden: <80> - <080> Mensaje: <>
Orden: <81> - <081> Mensaje: <>
Orden: <82> - <082> Mensaje: <>
Orden: <83> - <083> Mensaje: <>
Orden: <84> - <084> Mensaje: <>
Orden: <85> - <085> Mensaje: <>
Orden: <86> - <086> Mensaje: <>
Orden: <87> - <087> Mensaje: <>
Orden: <88> - <088> Mensaje: <>
Orden: <89> - <089> Mensaje: <>
Orden: <90> - <090> Mensaje: <>
Orden: <91> - <091> Mensaje: <>
Orden: <92> - <092> Mensaje: <>
Orden: <93> - <093> Mensaje: <>
Orden: <94> - <094> Mensaje: <>
Orden: <95> - <095> Mensaje: <>
Orden: <96> - <096> Mensaje: <>
Orden: <97> - <097> Mensaje: <>
Orden: <98> - <098> Mensaje: <>
Orden: <99> - <099> Mensaje: <>
Orden: <100> - <100> Mensaje: <>
Orden: <101> - <101> Mensaje: <>
Orden: <102> - <102> Mensaje: <>
Orden: <103> - <103> Mensaje: <>
Orden: <104> - <104> Mensaje: <>
Orden: <105> - <105> Mensaje: <>
Orden: <106> - <106> Mensaje: <>
Orden: <107> - <107> Mensaje: <>
Orden: <108> - <108> Mensaje: <>
Orden: <109> - <109> Mensaje: <>
Orden: <110> - <110> Mensaje: <>
Orden: <111> - <111> Mensaje: <>
Orden: <112> - <112> Mensaje: <>
Orden: <113> - <113> Mensaje: <>
Orden: <114> - <114> Mensaje: <>
Orden: <115> - <115> Mensaje: <>
Orden: <116> - <116> Mensaje: <>
Orden: <117> - <117> Mensaje: <>
Orden: <118> - <118> Mensaje: <>
Orden: <119> - <119> Mensaje: <>
Orden: <120> - <120> Mensaje: <>
Orden: <121> - <121> Mensaje: <>
Orden: <122> - <122> Mensaje: <>
Orden: <123> - <123> Mensaje: <>
Orden: <124> - <124> Mensaje: <>
Orden: <125> - <125> Mensaje: <>
Orden: <126> - <126> Mensaje: <>
Orden: <127> - <127> Mensaje: <>
Orden: <128> - <128> Mensaje: <>
Orden: <129> - <129> Mensaje: <>
Orden: <130> - <130> Mensaje: <>
Orden: <131> - <131> Mensaje: <>
Orden: <132> - <132> Mensaje: <>
Orden: <133> - <133> Mensaje: <>
Orden: <134> - <134> Mensaje: <>
Orden: <135> - <135> Mensaje: <>
Orden: <136> - <136> Mensaje: <>
Orden: <137> - <137> Mensaje: <>
Orden: <138> - <138> Mensaje: <>
Orden: <139> - <139> Mensaje: <>
Orden: <140> - <140> Mensaje: <>
Orden: <141> - <141> Mensaje: <>
Orden: <142> - <142> Mensaje: <>
Orden: <143> - <143> Mensaje: <>
Orden: <144> - <144> Mensaje: <>
Orden: <145> - <145> Mensaje: <>
Orden: <146> - <146> Mensaje: <>
Orden: <147> - <147> Mensaje: <>
Orden: <148> - <148> Mensaje: <>
Orden: <149> - <149> Mensaje: <>
Orden: <150> - <150> Mensaje: <>
Orden: <151> - <151> Mensaje: <>
Orden: <152> - <152> Mensaje: <>
Orden: <153> - <153> Mensaje: <>
Orden: <154> - <154> Mensaje: <>
Orden: <155> - <155> Mensaje: <>
Orden: <156> - <156> Mensaje: <>
Orden: <157> - <157> Mensaje: <>
Orden: <158> - <158> Mensaje: <>
Orden: <159> - <159> Mensaje: <>
Orden: <160> - <160> Mensaje: <>
Orden: <161> - <161> Mensaje: <>
Orden: <162> - <162> Mensaje: <>
Orden: <163> - <163> Mensaje: <>
Orden: <164> - <164> Mensaje: <>
Orden: <165> - <165> Mensaje: <>
Orden: <166> - <166> Mensaje: <>
Orden: <167> - <167> Mensaje: <>
Orden: <168> - <168> Mensaje: <>
Orden: <169> - <169> Mensaje: <>
Orden: <170> - <170> Mensaje: <>
Orden: <171> - <171> Mensaje: <>
Orden: <172> - <172> Mensaje: <>
Orden: <173> - <173> Mensaje: <>
Orden: <174> - <174> Mensaje: <>
Orden: <175> - <175> Mensaje: <>
Orden: <176> - <176> Mensaje: <>
Orden: <177> - <177> Mensaje: <>
Orden: <178> - <178> Mensaje: <>
Orden: <179> - <179> Mensaje: <>
Orden: <180> - <180> Mensaje: <>
Orden: <181> - <181> Mensaje: <>
Orden: <182> - <182> Mensaje: <>
Orden: <183> - <183> Mensaje: <>
Orden: <184> - <184> Mensaje: <>
Orden: <185> - <185> Mensaje: <>
Orden: <186> - <186> Mensaje: <>
Orden: <187> - <187> Mensaje: <>
Orden: <188> - <188> Mensaje: <>
Orden: <189> - <189> Mensaje: <>
Orden: <190> - <190> Mensaje: <>
Orden: <191> - <191> Mensaje: <>
Orden: <192> - <192> Mensaje: <>
Orden: <193> - <193> Mensaje: <>
Orden: <194> - <194> Mensaje: <>
Orden: <195> - <195> Mensaje: <>
Orden: <196> - <196> Mensaje: <>
Orden: <197> - <197> Mensaje: <>
Orden: <198> - <198> Mensaje: <>
Orden: <199> - <199> Mensaje: <>
Orden: <200> - <200> Mensaje: <>
Orden: <201> - <201> Mensaje: <>
Orden: <202> - <202> Mensaje: <>
Orden: <203> - <203> Mensaje: <>
Orden: <204> - <204> Mensaje: <>
Orden: <205> - <205> Mensaje: <>
Orden: <206> - <206> Mensaje: <>
Orden: <207> - <207> Mensaje: <>
Orden: <208> - <208> Mensaje: <>
Orden: <209> - <209> Mensaje: <>
Orden: <210> - <210> Mensaje: <>
Orden: <211> - <211> Mensaje: <>
Orden: <212> - <212> Mensaje: <>
Orden: <213> - <213> Mensaje: <>
Orden: <214> - <214> Mensaje: <>
Orden: <215> - <215> Mensaje: <>
Orden: <216> - <216> Mensaje: <>
Orden: <217> - <217> Mensaje: <>
Orden: <218> - <218> Mensaje: <>
Orden: <219> - <219> Mensaje: <>
Orden: <220> - <220> Mensaje: <>
Orden: <221> - <221> Mensaje: <>
Orden: <222> - <222> Mensaje: <>
Orden: <223> - <223> Mensaje: <>
Orden: <224> - <224> Mensaje: <>
Orden: <225> - <225> Mensaje: <>
Orden: <226> - <226> Mensaje: <>
Orden: <227> - <227> Mensaje: <>
Orden: <228> - <228> Mensaje: <>
Orden: <229> - <229> Mensaje: <>
Orden: <230> - <230> Mensaje: <>
Orden: <231> - <231> Mensaje: <>
Orden: <232> - <232> Mensaje: <>
Orden: <233> - <233> Mensaje: <>
Orden: <234> - <234> Mensaje: <>
Orden: <235> - <235> Mensaje: <>
Orden: <236> - <236> Mensaje: <>
Orden: <237> - <237> Mensaje: <>
Orden: <238> - <238> Mensaje: <>
Orden: <239> - <239> Mensaje: <>
Orden: <240> - <240> Mensaje: <>
Orden: <241> - <241> Mensaje: <>
Orden: <242> - <242> Mensaje: <>
Orden: <243> - <243> Mensaje: <>
Orden: <244> - <244> Mensaje: <>
Orden: <245> - <245> Mensaje: <>
Orden: <246> - <246> Mensaje: <>
Orden: <247> - <247> Mensaje: <>
Orden: <248> - <248> Mensaje: <>
Orden: <249> - <249> Mensaje: <>
Orden: <250> - <250> Mensaje: <Lumina Desktop>
pkg install -y lumina 
Orden: <251> - <251> Mensaje: <Driver Intel>
pkg install drm-kmod &&
sysrc kld_list+="/boot/modules/i915kms.ko"
Orden: <252> - <252> Mensaje: <>
Orden: <253> - <253> Mensaje: <>
Orden: <254> - <254> Mensaje: <>
Orden: <255> - <255> Mensaje: <Aplicaciones graficas>
pkg install -y gimp geany lxterminal libre-office geany firefox &&
pkg install -y numix-gtk-theme numix-icon-theme &&
pkg install -y py37-iocage ezjail
Orden: <256> - <256> Mensaje: <>
Orden: <257> - <257> Mensaje: <>
Orden: <258> - <258> Mensaje: <>
Orden: <259> - <259> Mensaje: <>
Orden: <260> - <260> Mensaje: <>
Orden: <261> - <261> Mensaje: <>
Orden: <262> - <262> Mensaje: <>
Orden: <263> - <263> Mensaje: <>
Orden: <264> - <264> Mensaje: <>
Orden: <265> - <265> Mensaje: <>
Orden: <266> - <266> Mensaje: <>
Orden: <267> - <267> Mensaje: <>
Orden: <268> - <268> Mensaje: <>
Orden: <269> - <269> Mensaje: <>
Orden: <270> - <270> Mensaje: <>
Orden: <271> - <271> Mensaje: <>
Orden: <272> - <272> Mensaje: <>
Orden: <273> - <273> Mensaje: <>
Orden: <274> - <274> Mensaje: <>
Orden: <275> - <275> Mensaje: <>
Orden: <276> - <276> Mensaje: <>
Orden: <277> - <277> Mensaje: <>
Orden: <278> - <278> Mensaje: <>
Orden: <279> - <279> Mensaje: <>
Orden: <280> - <280> Mensaje: <>
Orden: <281> - <281> Mensaje: <>
Orden: <282> - <282> Mensaje: <>
Orden: <283> - <283> Mensaje: <>
Orden: <284> - <284> Mensaje: <>
Orden: <285> - <285> Mensaje: <>
Orden: <286> - <286> Mensaje: <>
Orden: <287> - <287> Mensaje: <>
Orden: <288> - <288> Mensaje: <>
Orden: <289> - <289> Mensaje: <>
Orden: <290> - <290> Mensaje: <>
Orden: <291> - <291> Mensaje: <>
Orden: <292> - <292> Mensaje: <>
Orden: <293> - <293> Mensaje: <>
Orden: <294> - <294> Mensaje: <>
Orden: <295> - <295> Mensaje: <>
Orden: <296> - <296> Mensaje: <>
Orden: <297> - <297> Mensaje: <>
Orden: <298> - <298> Mensaje: <>
Orden: <299> - <299> Mensaje: <>
Orden: <300> - <300> Mensaje: <Creando .xinitrc>
direc=$(pw usershow vonuser | cut -d : -f9)
rm  $direc/.xinitrc
cat << EOF >> $direc/.xinitrc
sysctl hw.snd.default_unit=2
setxkbmap -model pc104 -layout es -option ""
exec start-lumina-desktop
EOF
sed -i '' '$d' $direc/.xinitrc
Orden: <301> - <301> Mensaje: <Inicio de sesion>
cd  /usr/ports/x11/slim &&
make install clean &&
cd - &&
sysrc slim_enable="YES" 
Orden: <302> - <302> Mensaje: <>
Orden: <303> - <303> Mensaje: <>
Orden: <304> - <304> Mensaje: <>
Orden: <305> - <305> Mensaje: <>
Orden: <306> - <306> Mensaje: <>
Orden: <307> - <307> Mensaje: <>
Orden: <308> - <308> Mensaje: <>
Orden: <309> - <309> Mensaje: <>
Orden: <310> - <310> Mensaje: <Configuracion de switch virtual>
pkg install -y vm-bhyve &&
iocage_enable="YES" &&
sysrc vm_enable="YES"&&
sysrc vm_dir=/root/vm &&
mkdir -p /root/vm && 
vm init &&
vm switch create -a 10.1.1.1/24 services 
Orden: <311> - <311> Mensaje: <Creación de firewall>
rm /etc/pf.conf ;
cat << EOF >> /etc/pf.conf
set skip on lo0
net_ext=wlan0
nat on $net_ext from 10.1.1/24  -> wlan0:0
EOF
sed -i '' '$d' /etc/pf.conf &&
sysrc pf_enable="YES" &&
sysrc pflog_enable="YES" &&
sysrc pf_rules="/etc/pf.conf" &&
service pf  start
Orden: <312> - <312> Mensaje: <Configurando servidor SSH>
cat << EOF >> /etc/ssh/sshd_config
Port 2222
ListenAddress 192.168.0.100
EOF
sed -i '' '$d' /etc/ssh/sshd_config &&
service sshd restart
Orden: <313> - <313> Mensaje: <Configurando syslogd>
sysrc syslogd_enable="YES" &&
syslogd_flags="-s -b 127.0.0.1" &&
service syslogd restart	
Orden: <314> - <314> Mensaje: <Creacion de jaulas con EZJAIL>
sysrc ezjail_enable="YES" &&
ezjail-admin install &&
ezjail-admin create -s 20G wijeJail 'vnet0|10.1.1.2/24' &&
Orden: <315> - <315> Mensaje: <Generando certificados>
su -m vonuser -c ssh-keygen
